### 04.03.2022 21:18:22
Array
(
)



### 04.03.2022 21:18:37
Array
(
    [title] => Бухи
    [message] => Файл загружен
    [files] => Array
        (
            [0] => 1.html
            [1] => 2.html
        )

)



### 10.03.2022 08:42:14
Array
(
    [title] => Бухи
    [message] => Файл загружен
    [files] => Array
        (
            [0] => 1.html
            [1] => 2.html
        )

)



### 10.03.2022 08:42:16
Array
(
    [title] => Бухи
    [message] => Файл загружен
    [files] => Array
        (
            [0] => 1.html
            [1] => 2.html
        )

)



### 10.03.2022 08:42:17
Array
(
    [title] => Бухи
    [message] => Файл загружен
    [files] => Array
        (
            [0] => 1.html
            [1] => 2.html
        )

)



### 10.03.2022 08:42:37
Array
(
    [title] => Бухи
    [message] => Файл загружен
    [files] => Array
        (
            [0] => 1.html
            [1] => 2.html
        )

)



### 10.03.2022 09:24:57
Array
(
    [title] => Бухи
    [message] => Файл загружен
    [files] => Array
        (
            [0] => 1.html
            [1] => 2.html
        )

)



### 10.03.2022 09:29:23
Array
(
    [title] => Бухи
    [message] => Файл загружен
    [files] => Array
        (
            [0] => 1.html
            [1] => 2.html
        )

)



### 10.03.2022 09:29:39
Array
(
    [title] => Бухи
    [message] => Файл загружен
    [files] => Array
        (
            [0] => 1.html
            [1] => 2.html
        )

)



### 10.03.2022 09:29:44
Array
(
    [title] => Бухи
    [message] => Файл загружен
    [files] => Array
        (
            [0] => 1.html
            [1] => 2.html
        )

)



### 10.03.2022 09:30:02
Array
(
    [title] => Бухи
    [message] => Файл загружен
    [files] => Array
        (
            [0] => 1.html
            [1] => 2.html
        )

)



### 10.03.2022 11:42:55
Array
(
    [title] => Бухи
    [message] => Файл загружен
    [files] => Array
        (
            [0] => 1.html
            [1] => 2.html
        )

)



### 10.03.2022 11:56:43
Array
(
    [title] => Бухи
    [message] => Файл загружен
    [files] => Array
        (
            [0] => 1.html
            [1] => 2.html
        )

)



### 10.03.2022 15:21:52
Array
(
    [title] => Бухи
    [message] => Файл загружен
    [files] => Array
        (
            [0] => 1.html
            [1] => 2.html
        )

)



### 10.03.2022 15:35:07
Array
(
    [title] => Бухи
    [message] => Файл загружен
    [files] => Array
        (
            [0] => 1.html
            [1] => 2.html
        )

)



### 10.03.2022 15:35:23
Array
(
    [title] => Бухи
    [message] => Файл загружен
    [files] => Array
        (
            [0] => 1.html
            [1] => 2.html
        )

)



### 10.03.2022 21:17:57
Array
(
    [title] => Бухи
    [message] => Файл загружен
    [files] => Array
        (
            [0] => 1.html
            [1] => 2.html
        )

)



### 10.03.2022 21:45:10
Array
(
    [title] => Бухи
    [message] => Файл загружен
    [files] => Array
        (
            [0] => 1.html
            [1] => 2.html
        )

)



### 10.03.2022 21:46:52
Array
(
    [title] => Бухи
    [message] => Файл загружен
    [files] => Array
        (
            [0] => 1.html
            [1] => 2.html
        )

)



### 10.03.2022 21:52:42
Array
(
    [title] => Бухи
    [message] => Файл загружен
    [files] => Array
        (
            [0] => 1.html
            [1] => 2.html
        )

)



### 10.03.2022 21:52:55
Array
(
    [title] => Бухи
    [message] => Файл загружен
    [files] => Array
        (
            [0] => 1.html
            [1] => 2.html
        )

)



### 10.03.2022 21:56:15
Array
(
    [title] => Бухи
    [message] => Файл загружен
    [files] => Array
        (
            [0] => 1.html
            [1] => 2.html
        )

)



### 10.03.2022 21:56:55
Array
(
    [title] => Бухи
    [message] => Файл загружен
    [files] => Array
        (
            [0] => 1.html
            [1] => 2.html
        )

)



### 10.03.2022 21:57:01
Array
(
    [title] => Бухи
    [message] => Файл загружен
    [files] => Array
        (
            [0] => 1.html
            [1] => 2.html
        )

)



### 10.03.2022 21:57:06
Array
(
    [title] => Бухи
    [message] => Файл загружен
    [files] => Array
        (
            [0] => 1.html
            [1] => 2.html
        )

)



### 10.03.2022 21:57:20
Array
(
    [title] => Бухи
    [message] => Файл загружен
    [files] => Array
        (
            [0] => 1.html
            [1] => 2.html
        )

)



